
2024/11/10 (12:30:51) | ===> btop++ v.1.4.0
2024/11/10 (12:30:51) | WARNING: ROCm SMI: Failed to get maximum GPU temperature, defaulting to 110°C
2024/11/10 (12:30:51) | WARNING: ROCm SMI: Failed to get PCIe throughput
2024/11/10 (12:30:51) | WARNING: ROCm SMI: Failed to get maximum GPU power draw, defaulting to 225W
2024/11/10 (12:30:51) | WARNING: ROCm SMI: Failed to get maximum GPU temperature, defaulting to 110°C
2024/11/10 (12:30:51) | WARNING: ROCm SMI: Failed to get VRAM utilization
2024/11/10 (12:30:51) | WARNING: ROCm SMI: Failed to get GPU power usage
2024/11/10 (12:30:51) | WARNING: ROCm SMI: Failed to get PCIe throughput

2024/11/11 (06:23:52) | ===> btop++ v.1.4.0
2024/11/11 (06:23:52) | WARNING: ROCm SMI: Failed to get maximum GPU temperature, defaulting to 110°C
2024/11/11 (06:23:52) | WARNING: ROCm SMI: Failed to get PCIe throughput
2024/11/11 (06:23:52) | WARNING: ROCm SMI: Failed to get maximum GPU power draw, defaulting to 225W
2024/11/11 (06:23:52) | WARNING: ROCm SMI: Failed to get maximum GPU temperature, defaulting to 110°C
2024/11/11 (06:23:52) | WARNING: ROCm SMI: Failed to get VRAM utilization
2024/11/11 (06:23:52) | WARNING: ROCm SMI: Failed to get GPU power usage
2024/11/11 (06:23:52) | WARNING: ROCm SMI: Failed to get PCIe throughput

2024/11/11 (16:17:02) | ===> btop++ v.1.4.0
2024/11/11 (16:17:02) | WARNING: ROCm SMI: Failed to get maximum GPU temperature, defaulting to 110°C
2024/11/11 (16:17:02) | WARNING: ROCm SMI: Failed to get PCIe throughput
2024/11/11 (16:17:02) | WARNING: ROCm SMI: Failed to get maximum GPU power draw, defaulting to 225W
2024/11/11 (16:17:02) | WARNING: ROCm SMI: Failed to get maximum GPU temperature, defaulting to 110°C
2024/11/11 (16:17:02) | WARNING: ROCm SMI: Failed to get VRAM utilization
2024/11/11 (16:17:02) | WARNING: ROCm SMI: Failed to get GPU power usage
2024/11/11 (16:17:02) | WARNING: ROCm SMI: Failed to get PCIe throughput

2024/11/11 (16:17:34) | ===> btop++ v.1.4.0
2024/11/11 (16:17:34) | WARNING: ROCm SMI: Failed to get maximum GPU temperature, defaulting to 110°C
2024/11/11 (16:17:34) | WARNING: ROCm SMI: Failed to get PCIe throughput
2024/11/11 (16:17:34) | WARNING: ROCm SMI: Failed to get maximum GPU power draw, defaulting to 225W
2024/11/11 (16:17:34) | WARNING: ROCm SMI: Failed to get maximum GPU temperature, defaulting to 110°C
2024/11/11 (16:17:34) | WARNING: ROCm SMI: Failed to get VRAM utilization
2024/11/11 (16:17:34) | WARNING: ROCm SMI: Failed to get GPU power usage
2024/11/11 (16:17:34) | WARNING: ROCm SMI: Failed to get PCIe throughput

2024/11/13 (14:57:33) | ===> btop++ v.1.4.0
2024/11/13 (14:57:33) | WARNING: ROCm SMI: Failed to get maximum GPU temperature, defaulting to 110°C
2024/11/13 (14:57:33) | WARNING: ROCm SMI: Failed to get PCIe throughput
2024/11/13 (14:57:33) | WARNING: ROCm SMI: Failed to get maximum GPU power draw, defaulting to 225W
2024/11/13 (14:57:33) | WARNING: ROCm SMI: Failed to get maximum GPU temperature, defaulting to 110°C
2024/11/13 (14:57:33) | WARNING: ROCm SMI: Failed to get VRAM utilization
2024/11/13 (14:57:33) | WARNING: ROCm SMI: Failed to get GPU power usage
2024/11/13 (14:57:33) | WARNING: ROCm SMI: Failed to get PCIe throughput

2024/11/21 (11:34:47) | ===> btop++ v.1.4.0
2024/11/21 (11:34:47) | WARNING: ROCm SMI: Failed to get maximum GPU temperature, defaulting to 110°C
2024/11/21 (11:34:47) | WARNING: ROCm SMI: Failed to get maximum GPU power draw, defaulting to 225W
2024/11/21 (11:34:47) | WARNING: ROCm SMI: Failed to get maximum GPU temperature, defaulting to 110°C
2024/11/21 (11:34:47) | WARNING: ROCm SMI: Failed to get VRAM utilization
2024/11/21 (11:34:47) | WARNING: ROCm SMI: Failed to get GPU power usage
2024/11/21 (11:34:47) | WARNING: ROCm SMI: Failed to get PCIe throughput

2024/11/24 (20:16:32) | ===> btop++ v.1.4.0
2024/11/24 (20:16:32) | WARNING: ROCm SMI: Failed to get maximum GPU temperature, defaulting to 110°C
2024/11/24 (20:16:32) | WARNING: ROCm SMI: Failed to get maximum GPU power draw, defaulting to 225W
2024/11/24 (20:16:32) | WARNING: ROCm SMI: Failed to get maximum GPU temperature, defaulting to 110°C
2024/11/24 (20:16:32) | WARNING: ROCm SMI: Failed to get VRAM utilization
2024/11/24 (20:16:32) | WARNING: ROCm SMI: Failed to get GPU power usage
2024/11/24 (20:16:32) | WARNING: ROCm SMI: Failed to get PCIe throughput

2024/11/25 (00:05:43) | ===> btop++ v.1.4.0
2024/11/25 (00:05:43) | WARNING: ROCm SMI: Failed to get maximum GPU temperature, defaulting to 110°C
2024/11/25 (00:05:43) | WARNING: ROCm SMI: Failed to get maximum GPU power draw, defaulting to 225W
2024/11/25 (00:05:43) | WARNING: ROCm SMI: Failed to get maximum GPU temperature, defaulting to 110°C
2024/11/25 (00:05:43) | WARNING: ROCm SMI: Failed to get VRAM utilization
2024/11/25 (00:05:43) | WARNING: ROCm SMI: Failed to get GPU power usage
2024/11/25 (00:05:43) | WARNING: ROCm SMI: Failed to get PCIe throughput

2024/11/25 (06:28:25) | ===> btop++ v.1.4.0
2024/11/25 (06:28:25) | WARNING: ROCm SMI: Failed to get maximum GPU temperature, defaulting to 110°C
2024/11/25 (06:28:25) | WARNING: ROCm SMI: Failed to get maximum GPU power draw, defaulting to 225W
2024/11/25 (06:28:25) | WARNING: ROCm SMI: Failed to get maximum GPU temperature, defaulting to 110°C
2024/11/25 (06:28:25) | WARNING: ROCm SMI: Failed to get VRAM utilization
2024/11/25 (06:28:25) | WARNING: ROCm SMI: Failed to get GPU power usage
2024/11/25 (06:28:25) | WARNING: ROCm SMI: Failed to get PCIe throughput

2024/11/26 (12:28:51) | ===> btop++ v.1.4.0
2024/11/26 (12:28:51) | WARNING: ROCm SMI: Failed to get maximum GPU temperature, defaulting to 110°C
2024/11/26 (12:28:51) | WARNING: ROCm SMI: Failed to get maximum GPU power draw, defaulting to 225W
2024/11/26 (12:28:51) | WARNING: ROCm SMI: Failed to get maximum GPU temperature, defaulting to 110°C
2024/11/26 (12:28:51) | WARNING: ROCm SMI: Failed to get VRAM utilization
2024/11/26 (12:28:51) | WARNING: ROCm SMI: Failed to get GPU power usage
2024/11/26 (12:28:51) | WARNING: ROCm SMI: Failed to get PCIe throughput

2024/11/26 (12:30:35) | ===> btop++ v.1.4.0
2024/11/26 (12:30:35) | WARNING: ROCm SMI: Failed to get maximum GPU temperature, defaulting to 110°C
2024/11/26 (12:30:35) | WARNING: ROCm SMI: Failed to get maximum GPU power draw, defaulting to 225W
2024/11/26 (12:30:35) | WARNING: ROCm SMI: Failed to get maximum GPU temperature, defaulting to 110°C
2024/11/26 (12:30:35) | WARNING: ROCm SMI: Failed to get VRAM utilization
2024/11/26 (12:30:35) | WARNING: ROCm SMI: Failed to get GPU power usage
2024/11/26 (12:30:35) | WARNING: ROCm SMI: Failed to get PCIe throughput

2024/11/27 (23:54:22) | ===> btop++ v.1.4.0
2024/11/27 (23:54:22) | WARNING: ROCm SMI: Failed to get maximum GPU temperature, defaulting to 110°C
2024/11/27 (23:54:22) | WARNING: ROCm SMI: Failed to get maximum GPU power draw, defaulting to 225W
2024/11/27 (23:54:22) | WARNING: ROCm SMI: Failed to get maximum GPU temperature, defaulting to 110°C
2024/11/27 (23:54:22) | WARNING: ROCm SMI: Failed to get VRAM utilization
2024/11/27 (23:54:22) | WARNING: ROCm SMI: Failed to get GPU power usage
2024/11/27 (23:54:22) | WARNING: ROCm SMI: Failed to get PCIe throughput

2024/11/28 (00:06:03) | ===> btop++ v.1.4.0
2024/11/28 (00:06:03) | WARNING: ROCm SMI: Failed to get maximum GPU temperature, defaulting to 110°C
2024/11/28 (00:06:03) | WARNING: ROCm SMI: Failed to get maximum GPU power draw, defaulting to 225W
2024/11/28 (00:06:03) | WARNING: ROCm SMI: Failed to get maximum GPU temperature, defaulting to 110°C
2024/11/28 (00:06:03) | WARNING: ROCm SMI: Failed to get VRAM utilization
2024/11/28 (00:06:03) | WARNING: ROCm SMI: Failed to get GPU power usage
2024/11/28 (00:06:03) | WARNING: ROCm SMI: Failed to get PCIe throughput

2024/11/28 (07:31:47) | ===> btop++ v.1.4.0
2024/11/28 (07:31:47) | WARNING: ROCm SMI: Failed to get maximum GPU temperature, defaulting to 110°C
2024/11/28 (07:31:47) | WARNING: ROCm SMI: Failed to get maximum GPU power draw, defaulting to 225W
2024/11/28 (07:31:47) | WARNING: ROCm SMI: Failed to get maximum GPU temperature, defaulting to 110°C
2024/11/28 (07:31:47) | WARNING: ROCm SMI: Failed to get VRAM utilization
2024/11/28 (07:31:47) | WARNING: ROCm SMI: Failed to get GPU power usage
2024/11/28 (07:31:47) | WARNING: ROCm SMI: Failed to get PCIe throughput

2024/11/28 (15:35:03) | ===> btop++ v.1.4.0
2024/11/28 (15:35:03) | WARNING: ROCm SMI: Failed to get maximum GPU temperature, defaulting to 110°C
2024/11/28 (15:35:03) | WARNING: ROCm SMI: Failed to get maximum GPU power draw, defaulting to 225W
2024/11/28 (15:35:03) | WARNING: ROCm SMI: Failed to get maximum GPU temperature, defaulting to 110°C
2024/11/28 (15:35:03) | WARNING: ROCm SMI: Failed to get VRAM utilization
2024/11/28 (15:35:03) | WARNING: ROCm SMI: Failed to get GPU power usage
2024/11/28 (15:35:03) | WARNING: ROCm SMI: Failed to get PCIe throughput

2024/11/28 (16:21:15) | ===> btop++ v.1.4.0
2024/11/28 (16:21:15) | WARNING: ROCm SMI: Failed to get maximum GPU temperature, defaulting to 110°C
2024/11/28 (16:21:15) | WARNING: ROCm SMI: Failed to get maximum GPU power draw, defaulting to 225W
2024/11/28 (16:21:15) | WARNING: ROCm SMI: Failed to get maximum GPU temperature, defaulting to 110°C
2024/11/28 (16:21:15) | WARNING: ROCm SMI: Failed to get VRAM utilization
2024/11/28 (16:21:15) | WARNING: ROCm SMI: Failed to get GPU power usage
2024/11/28 (16:21:15) | WARNING: ROCm SMI: Failed to get PCIe throughput

2024/11/28 (16:21:37) | ===> btop++ v.1.4.0
2024/11/28 (16:21:37) | WARNING: ROCm SMI: Failed to get maximum GPU temperature, defaulting to 110°C
2024/11/28 (16:21:37) | WARNING: ROCm SMI: Failed to get maximum GPU power draw, defaulting to 225W
2024/11/28 (16:21:37) | WARNING: ROCm SMI: Failed to get maximum GPU temperature, defaulting to 110°C
2024/11/28 (16:21:37) | WARNING: ROCm SMI: Failed to get VRAM utilization
2024/11/28 (16:21:37) | WARNING: ROCm SMI: Failed to get GPU power usage
2024/11/28 (16:21:37) | WARNING: ROCm SMI: Failed to get PCIe throughput

2024/11/28 (16:40:19) | ===> btop++ v.1.4.0
2024/11/28 (16:40:19) | WARNING: ROCm SMI: Failed to get maximum GPU temperature, defaulting to 110°C
2024/11/28 (16:40:19) | WARNING: ROCm SMI: Failed to get maximum GPU power draw, defaulting to 225W
2024/11/28 (16:40:19) | WARNING: ROCm SMI: Failed to get maximum GPU temperature, defaulting to 110°C
2024/11/28 (16:40:19) | WARNING: ROCm SMI: Failed to get VRAM utilization
2024/11/28 (16:40:19) | WARNING: ROCm SMI: Failed to get GPU power usage
2024/11/28 (16:40:19) | WARNING: ROCm SMI: Failed to get PCIe throughput
